20-May-2022 13:22:03.210 INFO [main] org.apache.catalina.core.ApplicationContext.log ContextListener: contextInitialized()
20-May-2022 13:22:03.211 INFO [main] org.apache.catalina.core.ApplicationContext.log SessionListener: contextInitialized()
20-May-2022 13:22:03.212 INFO [main] org.apache.catalina.core.ApplicationContext.log ContextListener: attributeAdded('StockTicker', 'async.Stockticker@72e34f77')
20-May-2022 13:25:17.953 INFO [main] org.apache.catalina.core.ApplicationContext.log ContextListener: contextInitialized()
20-May-2022 13:25:17.956 INFO [main] org.apache.catalina.core.ApplicationContext.log SessionListener: contextInitialized()
20-May-2022 13:25:17.972 INFO [main] org.apache.catalina.core.ApplicationContext.log ContextListener: attributeAdded('StockTicker', 'async.Stockticker@2baa8d82')
20-May-2022 13:25:18.175 INFO [main] org.apache.catalina.core.ApplicationContext.log SessionListener: contextDestroyed()
20-May-2022 13:25:18.176 INFO [main] org.apache.catalina.core.ApplicationContext.log ContextListener: contextDestroyed()
20-May-2022 13:29:13.089 INFO [main] org.apache.catalina.core.ApplicationContext.log ContextListener: contextInitialized()
20-May-2022 13:29:13.090 INFO [main] org.apache.catalina.core.ApplicationContext.log SessionListener: contextInitialized()
20-May-2022 13:29:13.093 INFO [main] org.apache.catalina.core.ApplicationContext.log ContextListener: attributeAdded('StockTicker', 'async.Stockticker@3bde62ff')
20-May-2022 13:29:13.472 INFO [main] org.apache.catalina.core.ApplicationContext.log SessionListener: contextDestroyed()
20-May-2022 13:29:13.472 INFO [main] org.apache.catalina.core.ApplicationContext.log ContextListener: contextDestroyed()
20-May-2022 13:33:22.932 INFO [main] org.apache.catalina.core.ApplicationContext.log SessionListener: contextDestroyed()
20-May-2022 13:33:22.942 INFO [main] org.apache.catalina.core.ApplicationContext.log ContextListener: contextDestroyed()
20-May-2022 13:33:32.221 INFO [main] org.apache.catalina.core.ApplicationContext.log ContextListener: contextInitialized()
20-May-2022 13:33:32.222 INFO [main] org.apache.catalina.core.ApplicationContext.log SessionListener: contextInitialized()
20-May-2022 13:33:32.227 INFO [main] org.apache.catalina.core.ApplicationContext.log ContextListener: attributeAdded('StockTicker', 'async.Stockticker@319dead1')
20-May-2022 15:39:00.123 INFO [main] org.apache.catalina.core.ApplicationContext.log SessionListener: contextDestroyed()
20-May-2022 15:39:00.124 INFO [main] org.apache.catalina.core.ApplicationContext.log ContextListener: contextDestroyed()
20-May-2022 15:39:07.630 INFO [main] org.apache.catalina.core.ApplicationContext.log ContextListener: contextInitialized()
20-May-2022 15:39:07.631 INFO [main] org.apache.catalina.core.ApplicationContext.log SessionListener: contextInitialized()
20-May-2022 15:39:07.633 INFO [main] org.apache.catalina.core.ApplicationContext.log ContextListener: attributeAdded('StockTicker', 'async.Stockticker@5990e6c5')
